
ROM used:   577/8192 (7%)
            577/8192 (7%) including unused fragments

            0.8 Average locations per line
            28.9 Average locations per statement

RAM used:   7/368 (2%) at main() level
            13/368 (4%) worst case

Stack used: 1 worst case (1 in main + 0 for interrupts)
Stack size: 8

Lines Stmts  %   Files
----- ----- ---  -----
   34    20 100  vidu_MCP4725.c
  672     0   0  16f877a.h
----- -----
  706    20 Total

Page ROM  %  RAM    Vol Diff  Functions:
---- --- --- ---    --- ----  ----------
0     23   4    1             @delay_ms1
0     78  14    3             @I2C_READ_1
0     84  15    1             @I2C_WRITE_1
0     33   6    1     55  1.4  main
0    254  44    0    262  4.6  R_mcp4725
0      6   1    0             @const636
 Inline         5             @PSTRINGCN7_9600_62_63
0     21   4    3             @DIV88
 Inline         2     94  1.3  @PRINTF_U_9600_62_63
0     74  13    0     94  1.3  W_mcp4725
 Inline         0     94  1.3  @cinit1

Program metrics:
    Functions               5
    Statements              20
    Comments                119
    Volume (V)              917
    Difficulty (D)          9.0
    Effort to implement (E) 8269
    Time to implement (T)   8 minutes
    Est Delivered Bugs (B)  0
    Cyclomatic Complexity   2
    Maintainability (MI)    169

 Segment     Used  Free
-----------  ----  ----
00000-00003     4  0  
00004-007FF   573  1471  
00800-00FFF     0  2048  
01000-017FF     0  2048  
01800-01FFF     0  2048  



